<?xml version="1.0" encoding="UTF-8"?>
<!-- Generated by org.testng.reporters.JUnitReportReporter -->
<testsuite hostname="DESKTOP-R5ELOJ8" name="testingPractice.Exercise_2" tests="1" failures="0" timestamp="16 Dec 2015 23:39:01 GMT" time="79.051" errors="0">
  <testcase name="testExercise_2" time="79.051" classname="testingPractice.Exercise_2"/>
</testsuite> <!-- testingPractice.Exercise_2 -->
