<?xml version="1.0" encoding="UTF-8"?>
<!-- Generated by org.testng.reporters.JUnitReportReporter -->
<testsuite hostname="DESKTOP-R5ELOJ8" name="testingPractice.Exercise_5" tests="1" failures="0" timestamp="17 Dec 2015 19:51:39 GMT" time="36.676" errors="0">
  <testcase name="testExercis_5" time="36.676" classname="testingPractice.Exercise_5"/>
</testsuite> <!-- testingPractice.Exercise_5 -->
