<?xml version="1.0" encoding="UTF-8"?>
<!-- Generated by org.testng.reporters.JUnitReportReporter -->
<testsuite hostname="DESKTOP-R5ELOJ8" name="TestingPractice.NewTest" tests="1" failures="0" timestamp="15 Dec 2015 14:51:32 GMT" time="0.153" errors="0">
  <testcase name="f" time="0.153" classname="TestingPractice.NewTest"/>
</testsuite> <!-- TestingPractice.NewTest -->
