<?xml version="1.0" encoding="UTF-8"?>
<!-- Generated by org.testng.reporters.JUnitReportReporter -->
<testsuite hostname="DESKTOP-R5ELOJ8" name="testingPractice.Exercise_4" tests="1" failures="0" timestamp="17 Dec 2015 17:00:11 GMT" time="47.332" errors="0">
  <testcase name="testExercise_4" time="47.332" classname="testingPractice.Exercise_4"/>
</testsuite> <!-- testingPractice.Exercise_4 -->
