<?xml version="1.0" encoding="UTF-8"?>
<!-- Generated by org.testng.reporters.JUnitReportReporter -->
<testsuite hostname="DESKTOP-R5ELOJ8" name="testingPractice.Exercise_1" tests="1" failures="0" timestamp="15 Dec 2015 19:46:22 GMT" time="45.244" errors="0">
  <testcase name="testExercise_1" time="45.244" classname="testingPractice.Exercise_1"/>
</testsuite> <!-- testingPractice.Exercise_1 -->
