<?xml version="1.0" encoding="UTF-8"?>
<!-- Generated by org.testng.reporters.JUnitReportReporter -->
<testsuite hostname="DESKTOP-R5ELOJ8" name="testingPractice.Exercise_3" tests="1" failures="0" timestamp="16 Dec 2015 23:51:23 GMT" time="64.866" errors="0">
  <testcase name="actionOne" time="64.866" classname="testingPractice.Exercise_3"/>
</testsuite> <!-- testingPractice.Exercise_3 -->
